<?xml version="1.0" encoding="UTF-8"?>
<!-- Generated by org.testng.reporters.JUnitXMLReporter -->
<testsuite ignored="0" hostname="DESKTOP-DLQ28S4" failures="0" tests="5" name="Test" time="19.749" errors="0" timestamp="2023-09-03T19:07:19 IST">
  <testcase classname="testcases.LoginDataDrivenTest" name="test_LoginDDT" time="2.467"/>
  <testcase classname="testcases.LoginDataDrivenTest" name="test_LoginDDT" time="1.3"/>
  <testcase classname="testcases.LoginDataDrivenTest" name="test_LoginDDT" time="1.177"/>
  <testcase classname="testcases.LoginDataDrivenTest" name="test_LoginDDT" time="1.809"/>
  <testcase classname="testcases.LoginDataDrivenTest" name="test_LoginDDT" time="1.242"/>
</testsuite> <!-- Test -->
