<?xml version="1.0" encoding="UTF-8"?>
<testng-results ignored="0" total="5" passed="5" failed="0" skipped="0">
  <reporter-output>
  </reporter-output>
  <suite started-at="2023-09-03T19:06:59 IST" name="Suite" finished-at="2023-09-03T19:07:19 IST" duration-ms="19749">
    <groups>
    </groups>
    <test started-at="2023-09-03T19:06:59 IST" name="Test" finished-at="2023-09-03T19:07:19 IST" duration-ms="19749">
      <class name="testcases.LoginDataDrivenTest">
        <test-method is-config="true" signature="setup(java.lang.String)[pri:0, instance:testcases.LoginDataDrivenTest@550dbc7a]" started-at="2023-09-03T19:06:59 IST" name="setup" finished-at="2023-09-03T19:07:07 IST" duration-ms="8059" status="PASS">
          <params>
            <param index="0">
              <value>
                <![CDATA[chrome]]>
              </value>
            </param>
          </params>
          <reporter-output>
          </reporter-output>
        </test-method> <!-- setup -->
        <test-method signature="test_LoginDDT(java.lang.String,java.lang.String,java.lang.String)[pri:0, instance:testcases.LoginDataDrivenTest@550dbc7a]" started-at="2023-09-03T19:07:10 IST" name="test_LoginDDT" data-provider="LoginData" finished-at="2023-09-03T19:07:13 IST" duration-ms="2467" status="PASS">
          <params>
            <param index="0">
              <value>
                <![CDATA[pavanoltraining@gmail.com]]>
              </value>
            </param>
            <param index="1">
              <value>
                <![CDATA[test@123]]>
              </value>
            </param>
            <param index="2">
              <value>
                <![CDATA[Invalid]]>
              </value>
            </param>
          </params>
          <reporter-output>
          </reporter-output>
        </test-method> <!-- test_LoginDDT -->
        <test-method signature="test_LoginDDT(java.lang.String,java.lang.String,java.lang.String)[pri:0, instance:testcases.LoginDataDrivenTest@550dbc7a]" started-at="2023-09-03T19:07:13 IST" name="test_LoginDDT" data-provider="LoginData" finished-at="2023-09-03T19:07:14 IST" duration-ms="1300" status="PASS">
          <params>
            <param index="0">
              <value>
                <![CDATA[lakshmi@yahoo.com]]>
              </value>
            </param>
            <param index="1">
              <value>
                <![CDATA[Laxmi]]>
              </value>
            </param>
            <param index="2">
              <value>
                <![CDATA[Invalid]]>
              </value>
            </param>
          </params>
          <reporter-output>
          </reporter-output>
        </test-method> <!-- test_LoginDDT -->
        <test-method signature="test_LoginDDT(java.lang.String,java.lang.String,java.lang.String)[pri:0, instance:testcases.LoginDataDrivenTest@550dbc7a]" started-at="2023-09-03T19:07:14 IST" name="test_LoginDDT" data-provider="LoginData" finished-at="2023-09-03T19:07:15 IST" duration-ms="1177" status="PASS">
          <params>
            <param index="0">
              <value>
                <![CDATA[laksh@yahoo.com]]>
              </value>
            </param>
            <param index="1">
              <value>
                <![CDATA[Lakshmi]]>
              </value>
            </param>
            <param index="2">
              <value>
                <![CDATA[Invalid]]>
              </value>
            </param>
          </params>
          <reporter-output>
          </reporter-output>
        </test-method> <!-- test_LoginDDT -->
        <test-method signature="test_LoginDDT(java.lang.String,java.lang.String,java.lang.String)[pri:0, instance:testcases.LoginDataDrivenTest@550dbc7a]" started-at="2023-09-03T19:07:15 IST" name="test_LoginDDT" data-provider="LoginData" finished-at="2023-09-03T19:07:17 IST" duration-ms="1809" status="PASS">
          <params>
            <param index="0">
              <value>
                <![CDATA[virajas@gmail.com]]>
              </value>
            </param>
            <param index="1">
              <value>
                <![CDATA[virajas]]>
              </value>
            </param>
            <param index="2">
              <value>
                <![CDATA[Valid]]>
              </value>
            </param>
          </params>
          <reporter-output>
          </reporter-output>
        </test-method> <!-- test_LoginDDT -->
        <test-method signature="test_LoginDDT(java.lang.String,java.lang.String,java.lang.String)[pri:0, instance:testcases.LoginDataDrivenTest@550dbc7a]" started-at="2023-09-03T19:07:17 IST" name="test_LoginDDT" data-provider="LoginData" finished-at="2023-09-03T19:07:18 IST" duration-ms="1242" status="PASS">
          <params>
            <param index="0">
              <value>
                <![CDATA[abc123@gmail.com]]>
              </value>
            </param>
            <param index="1">
              <value>
                <![CDATA[test@123]]>
              </value>
            </param>
            <param index="2">
              <value>
                <![CDATA[Invalid]]>
              </value>
            </param>
          </params>
          <reporter-output>
          </reporter-output>
        </test-method> <!-- test_LoginDDT -->
        <test-method is-config="true" signature="teardown()[pri:0, instance:testcases.LoginDataDrivenTest@550dbc7a]" started-at="2023-09-03T19:07:18 IST" name="teardown" finished-at="2023-09-03T19:07:19 IST" duration-ms="259" status="PASS">
          <reporter-output>
          </reporter-output>
        </test-method> <!-- teardown -->
      </class> <!-- testcases.LoginDataDrivenTest -->
    </test> <!-- Test -->
  </suite> <!-- Suite -->
</testng-results>
